<?xml version="1.0" encoding="UTF-8"?>
<testsuite name="eye2web.modelmapper.ModelMapperTest" tests="4" skipped="0" failures="0" errors="0" timestamp="2020-01-18T16:41:30" hostname="MacBook-Pro-van-Remco.local" time="0.033">
  <properties/>
  <testcase name="shouldMapToExistingTarget" classname="eye2web.modelmapper.ModelMapperTest" time="0.01"/>
  <testcase name="shouldMapToExistingTargetIgnoringNulls" classname="eye2web.modelmapper.ModelMapperTest" time="0.001"/>
  <testcase name="shouldFullyMapModelAResponseToRequest" classname="eye2web.modelmapper.ModelMapperTest" time="0.001"/>
  <testcase name="shouldNotMapEmptyFirstName" classname="eye2web.modelmapper.ModelMapperTest" time="0.0"/>
  <system-out><![CDATA[class java.lang.String
Remco
van der Heijden
class java.lang.String
class java.lang.String
null
van der Heijden
class java.lang.String
class java.lang.String
Remco
van der Heijden
class java.lang.String
class java.lang.String
null
van der Heijden
class java.lang.String
]]></system-out>
  <system-err><![CDATA[]]></system-err>
</testsuite>
